<?xml version="1.0" encoding="UTF-8"?>
<testExecutions version="1">
    <file path="/Users/vjv/Fontys/sm6/Individual/kwetter/src/accounts/src/test/accounts.test.js">
        <testCase name="POST /accounts given a userId, email, username should save userId, email and username to the database" duration="42">
            <failure message="Error: expect(received).toBe(expected) // Object.is equality"><![CDATA[Error: expect(received).toBe(expected) // Object.is equality

Expected: 1
Received: 0
    at Object.<anonymous> (/Users/vjv/Fontys/sm6/Individual/kwetter/src/accounts/src/test/accounts.test.js:27:59)
    at processTicksAndRejections (node:internal/process/task_queues:96:5)]]></failure>
        </testCase>
    </file>
</testExecutions>